<?xml version="1.0" encoding="UTF-8"?>
<!-- Generated by org.testng.reporters.JUnitReportReporter -->
<testsuite hostname="sathya-PC" name="DriverFactory.AppTest" tests="1" failures="0" timestamp="2 Oct 2018 15:03:18 GMT" time="61.452" errors="0">
  <testcase name="kickStart" time="61.452" classname="DriverFactory.AppTest"/>
</testsuite> <!-- DriverFactory.AppTest -->
